[2020-06-23 16:27:21] local.ERROR: include(D:\xampp\htdocs\project.vn\ColosPlatium\vendor\composer/../../app/Modules/Models/Info.php): failed to open stream: No such file or directory {"exception":"[object] (ErrorException(code: 0): include(D:\\xampp\\htdocs\\project.vn\\ColosPlatium\\vendor\\composer/../../app/Modules/Models/Info.php): failed to open stream: No such file or directory at D:\\xampp\\htdocs\\project.vn\\ColosPlatium\\vendor\\composer\\ClassLoader.php:444)
[stacktrace]
#0 D:\\xampp\\htdocs\\project.vn\\ColosPlatium\\vendor\\composer\\ClassLoader.php(444): Illuminate\\Foundation\\Bootstrap\\HandleExceptions->handleError(2, 'include(D:\\\\xamp...', 'D:\\\\xampp\\\\htdocs...', 444, Array)
#1 D:\\xampp\\htdocs\\project.vn\\ColosPlatium\\vendor\\composer\\ClassLoader.php(444): include()
#2 D:\\xampp\\htdocs\\project.vn\\ColosPlatium\\vendor\\composer\\ClassLoader.php(322): Composer\\Autoload\\includeFile('D:\\\\xampp\\\\htdocs...')
#3 [internal function]: Composer\\Autoload\\ClassLoader->loadClass('App\\\\Modules\\\\Mod...')
#4 D:\\xampp\\htdocs\\project.vn\\ColosPlatium\\app\\Modules\\Statics\\Controllers\\BaseStaticsController.php(21): spl_autoload_call('App\\\\Modules\\\\Mod...')
#5 D:\\xampp\\htdocs\\project.vn\\ColosPlatium\\app\\Modules\\Statics\\Controllers\\StaticsController.php(24): App\\Modules\\Statics\\Controllers\\BaseStaticsController->__construct()
#6 [internal function]: App\\Modules\\Statics\\Controllers\\StaticsController->__construct()
#7 D:\\xampp\\htdocs\\project.vn\\ColosPlatium\\vendor\\laravel\\framework\\src\\Illuminate\\Container\\Container.php(825): ReflectionClass->newInstanceArgs(Array)
#8 D:\\xampp\\htdocs\\project.vn\\ColosPlatium\\vendor\\laravel\\framework\\src\\Illuminate\\Container\\Container.php(667): Illuminate\\Container\\Container->build('App\\\\Modules\\\\Sta...')
#9 D:\\xampp\\htdocs\\project.vn\\ColosPlatium\\vendor\\laravel\\framework\\src\\Illuminate\\Container\\Container.php(615): Illuminate\\Container\\Container->resolve('App\\\\Modules\\\\Sta...', Array)
#10 D:\\xampp\\htdocs\\project.vn\\ColosPlatium\\vendor\\laravel\\framework\\src\\Illuminate\\Foundation\\Application.php(767): Illuminate\\Container\\Container->make('App\\\\Modules\\\\Sta...', Array)
#11 D:\\xampp\\htdocs\\project.vn\\ColosPlatium\\vendor\\laravel\\framework\\src\\Illuminate\\Routing\\Route.php(233): Illuminate\\Foundation\\Application->make('App\\\\Modules\\\\Sta...')
#12 D:\\xampp\\htdocs\\project.vn\\ColosPlatium\\vendor\\laravel\\framework\\src\\Illuminate\\Routing\\Route.php(833): Illuminate\\Routing\\Route->getController()
#13 D:\\xampp\\htdocs\\project.vn\\ColosPlatium\\vendor\\laravel\\framework\\src\\Illuminate\\Routing\\Route.php(794): Illuminate\\Routing\\Route->controllerMiddleware()
#14 D:\\xampp\\htdocs\\project.vn\\ColosPlatium\\vendor\\laravel\\framework\\src\\Illuminate\\Routing\\Router.php(693): Illuminate\\Routing\\Route->gatherMiddleware()
#15 D:\\xampp\\htdocs\\project.vn\\ColosPlatium\\vendor\\laravel\\framework\\src\\Illuminate\\Routing\\Router.php(673): Illuminate\\Routing\\Router->gatherRouteMiddleware(Object(Illuminate\\Routing\\Route))
#16 D:\\xampp\\htdocs\\project.vn\\ColosPlatium\\vendor\\laravel\\framework\\src\\Illuminate\\Routing\\Router.php(657): Illuminate\\Routing\\Router->runRouteWithinStack(Object(Illuminate\\Routing\\Route), Object(Illuminate\\Http\\Request))
#17 D:\\xampp\\htdocs\\project.vn\\ColosPlatium\\vendor\\laravel\\framework\\src\\Illuminate\\Routing\\Router.php(623): Illuminate\\Routing\\Router->runRoute(Object(Illuminate\\Http\\Request), Object(Illuminate\\Routing\\Route))
#18 D:\\xampp\\htdocs\\project.vn\\ColosPlatium\\vendor\\laravel\\framework\\src\\Illuminate\\Routing\\Router.php(612): Illuminate\\Routing\\Router->dispatchToRoute(Object(Illuminate\\Http\\Request))
#19 D:\\xampp\\htdocs\\project.vn\\ColosPlatium\\vendor\\laravel\\framework\\src\\Illuminate\\Foundation\\Http\\Kernel.php(176): Illuminate\\Routing\\Router->dispatch(Object(Illuminate\\Http\\Request))
#20 D:\\xampp\\htdocs\\project.vn\\ColosPlatium\\vendor\\laravel\\framework\\src\\Illuminate\\Routing\\Pipeline.php(30): Illuminate\\Foundation\\Http\\Kernel->Illuminate\\Foundation\\Http\\{closure}(Object(Illuminate\\Http\\Request))
#21 D:\\xampp\\htdocs\\project.vn\\ColosPlatium\\vendor\\barryvdh\\laravel-debugbar\\src\\Middleware\\InjectDebugbar.php(58): Illuminate\\Routing\\Pipeline->Illuminate\\Routing\\{closure}(Object(Illuminate\\Http\\Request))
#22 D:\\xampp\\htdocs\\project.vn\\ColosPlatium\\vendor\\laravel\\framework\\src\\Illuminate\\Pipeline\\Pipeline.php(163): Barryvdh\\Debugbar\\Middleware\\InjectDebugbar->handle(Object(Illuminate\\Http\\Request), Object(Closure))
#23 D:\\xampp\\htdocs\\project.vn\\ColosPlatium\\vendor\\laravel\\framework\\src\\Illuminate\\Routing\\Pipeline.php(53): Illuminate\\Pipeline\\Pipeline->Illuminate\\Pipeline\\{closure}(Object(Illuminate\\Http\\Request))
#24 D:\\xampp\\htdocs\\project.vn\\ColosPlatium\\vendor\\laravel\\framework\\src\\Illuminate\\Foundation\\Http\\Middleware\\TransformsRequest.php(21): Illuminate\\Routing\\Pipeline->Illuminate\\Routing\\{closure}(Object(Illuminate\\Http\\Request))
#25 D:\\xampp\\htdocs\\project.vn\\ColosPlatium\\vendor\\laravel\\framework\\src\\Illuminate\\Pipeline\\Pipeline.php(163): Illuminate\\Foundation\\Http\\Middleware\\TransformsRequest->handle(Object(Illuminate\\Http\\Request), Object(Closure))
#26 D:\\xampp\\htdocs\\project.vn\\ColosPlatium\\vendor\\laravel\\framework\\src\\Illuminate\\Routing\\Pipeline.php(53): Illuminate\\Pipeline\\Pipeline->Illuminate\\Pipeline\\{closure}(Object(Illuminate\\Http\\Request))
#27 D:\\xampp\\htdocs\\project.vn\\ColosPlatium\\vendor\\laravel\\framework\\src\\Illuminate\\Foundation\\Http\\Middleware\\TransformsRequest.php(21): Illuminate\\Routing\\Pipeline->Illuminate\\Routing\\{closure}(Object(Illuminate\\Http\\Request))
#28 D:\\xampp\\htdocs\\project.vn\\ColosPlatium\\vendor\\laravel\\framework\\src\\Illuminate\\Pipeline\\Pipeline.php(163): Illuminate\\Foundation\\Http\\Middleware\\TransformsRequest->handle(Object(Illuminate\\Http\\Request), Object(Closure))
#29 D:\\xampp\\htdocs\\project.vn\\ColosPlatium\\vendor\\laravel\\framework\\src\\Illuminate\\Routing\\Pipeline.php(53): Illuminate\\Pipeline\\Pipeline->Illuminate\\Pipeline\\{closure}(Object(Illuminate\\Http\\Request))
#30 D:\\xampp\\htdocs\\project.vn\\ColosPlatium\\vendor\\laravel\\framework\\src\\Illuminate\\Foundation\\Http\\Middleware\\ValidatePostSize.php(27): Illuminate\\Routing\\Pipeline->Illuminate\\Routing\\{closure}(Object(Illuminate\\Http\\Request))
#31 D:\\xampp\\htdocs\\project.vn\\ColosPlatium\\vendor\\laravel\\framework\\src\\Illuminate\\Pipeline\\Pipeline.php(163): Illuminate\\Foundation\\Http\\Middleware\\ValidatePostSize->handle(Object(Illuminate\\Http\\Request), Object(Closure))
#32 D:\\xampp\\htdocs\\project.vn\\ColosPlatium\\vendor\\laravel\\framework\\src\\Illuminate\\Routing\\Pipeline.php(53): Illuminate\\Pipeline\\Pipeline->Illuminate\\Pipeline\\{closure}(Object(Illuminate\\Http\\Request))
#33 D:\\xampp\\htdocs\\project.vn\\ColosPlatium\\vendor\\laravel\\framework\\src\\Illuminate\\Foundation\\Http\\Middleware\\CheckForMaintenanceMode.php(62): Illuminate\\Routing\\Pipeline->Illuminate\\Routing\\{closure}(Object(Illuminate\\Http\\Request))
#34 D:\\xampp\\htdocs\\project.vn\\ColosPlatium\\vendor\\laravel\\framework\\src\\Illuminate\\Pipeline\\Pipeline.php(163): Illuminate\\Foundation\\Http\\Middleware\\CheckForMaintenanceMode->handle(Object(Illuminate\\Http\\Request), Object(Closure))
#35 D:\\xampp\\htdocs\\project.vn\\ColosPlatium\\vendor\\laravel\\framework\\src\\Illuminate\\Routing\\Pipeline.php(53): Illuminate\\Pipeline\\Pipeline->Illuminate\\Pipeline\\{closure}(Object(Illuminate\\Http\\Request))
#36 D:\\xampp\\htdocs\\project.vn\\ColosPlatium\\vendor\\fideloper\\proxy\\src\\TrustProxies.php(57): Illuminate\\Routing\\Pipeline->Illuminate\\Routing\\{closure}(Object(Illuminate\\Http\\Request))
#37 D:\\xampp\\htdocs\\project.vn\\ColosPlatium\\vendor\\laravel\\framework\\src\\Illuminate\\Pipeline\\Pipeline.php(163): Fideloper\\Proxy\\TrustProxies->handle(Object(Illuminate\\Http\\Request), Object(Closure))
#38 D:\\xampp\\htdocs\\project.vn\\ColosPlatium\\vendor\\laravel\\framework\\src\\Illuminate\\Routing\\Pipeline.php(53): Illuminate\\Pipeline\\Pipeline->Illuminate\\Pipeline\\{closure}(Object(Illuminate\\Http\\Request))
#39 D:\\xampp\\htdocs\\project.vn\\ColosPlatium\\vendor\\laravel\\framework\\src\\Illuminate\\Pipeline\\Pipeline.php(104): Illuminate\\Routing\\Pipeline->Illuminate\\Routing\\{closure}(Object(Illuminate\\Http\\Request))
#40 D:\\xampp\\htdocs\\project.vn\\ColosPlatium\\vendor\\laravel\\framework\\src\\Illuminate\\Foundation\\Http\\Kernel.php(151): Illuminate\\Pipeline\\Pipeline->then(Object(Closure))
#41 D:\\xampp\\htdocs\\project.vn\\ColosPlatium\\vendor\\laravel\\framework\\src\\Illuminate\\Foundation\\Http\\Kernel.php(116): Illuminate\\Foundation\\Http\\Kernel->sendRequestThroughRouter(Object(Illuminate\\Http\\Request))
#42 D:\\xampp\\htdocs\\project.vn\\ColosPlatium\\public\\index.php(7): Illuminate\\Foundation\\Http\\Kernel->handle(Object(Illuminate\\Http\\Request))
#43 {main}
"} 
[2020-06-23 16:27:48] local.ERROR: include(D:\xampp\htdocs\project.vn\ColosPlatium\vendor\composer/../../app/Modules/Models/Info.php): failed to open stream: No such file or directory {"exception":"[object] (ErrorException(code: 0): include(D:\\xampp\\htdocs\\project.vn\\ColosPlatium\\vendor\\composer/../../app/Modules/Models/Info.php): failed to open stream: No such file or directory at D:\\xampp\\htdocs\\project.vn\\ColosPlatium\\vendor\\composer\\ClassLoader.php:444)
[stacktrace]
#0 D:\\xampp\\htdocs\\project.vn\\ColosPlatium\\vendor\\composer\\ClassLoader.php(444): Illuminate\\Foundation\\Bootstrap\\HandleExceptions->handleError(2, 'include(D:\\\\xamp...', 'D:\\\\xampp\\\\htdocs...', 444, Array)
#1 D:\\xampp\\htdocs\\project.vn\\ColosPlatium\\vendor\\composer\\ClassLoader.php(444): include()
#2 D:\\xampp\\htdocs\\project.vn\\ColosPlatium\\vendor\\composer\\ClassLoader.php(322): Composer\\Autoload\\includeFile('D:\\\\xampp\\\\htdocs...')
#3 [internal function]: Composer\\Autoload\\ClassLoader->loadClass('App\\\\Modules\\\\Mod...')
#4 D:\\xampp\\htdocs\\project.vn\\ColosPlatium\\app\\Modules\\Statics\\Controllers\\BaseStaticsController.php(21): spl_autoload_call('App\\\\Modules\\\\Mod...')
#5 D:\\xampp\\htdocs\\project.vn\\ColosPlatium\\app\\Modules\\Statics\\Controllers\\StaticsController.php(24): App\\Modules\\Statics\\Controllers\\BaseStaticsController->__construct()
#6 [internal function]: App\\Modules\\Statics\\Controllers\\StaticsController->__construct()
#7 D:\\xampp\\htdocs\\project.vn\\ColosPlatium\\vendor\\laravel\\framework\\src\\Illuminate\\Container\\Container.php(825): ReflectionClass->newInstanceArgs(Array)
#8 D:\\xampp\\htdocs\\project.vn\\ColosPlatium\\vendor\\laravel\\framework\\src\\Illuminate\\Container\\Container.php(667): Illuminate\\Container\\Container->build('App\\\\Modules\\\\Sta...')
#9 D:\\xampp\\htdocs\\project.vn\\ColosPlatium\\vendor\\laravel\\framework\\src\\Illuminate\\Container\\Container.php(615): Illuminate\\Container\\Container->resolve('App\\\\Modules\\\\Sta...', Array)
#10 D:\\xampp\\htdocs\\project.vn\\ColosPlatium\\vendor\\laravel\\framework\\src\\Illuminate\\Foundation\\Application.php(767): Illuminate\\Container\\Container->make('App\\\\Modules\\\\Sta...', Array)
#11 D:\\xampp\\htdocs\\project.vn\\ColosPlatium\\vendor\\laravel\\framework\\src\\Illuminate\\Routing\\Route.php(233): Illuminate\\Foundation\\Application->make('App\\\\Modules\\\\Sta...')
#12 D:\\xampp\\htdocs\\project.vn\\ColosPlatium\\vendor\\laravel\\framework\\src\\Illuminate\\Routing\\Route.php(833): Illuminate\\Routing\\Route->getController()
#13 D:\\xampp\\htdocs\\project.vn\\ColosPlatium\\vendor\\laravel\\framework\\src\\Illuminate\\Routing\\Route.php(794): Illuminate\\Routing\\Route->controllerMiddleware()
#14 D:\\xampp\\htdocs\\project.vn\\ColosPlatium\\vendor\\laravel\\framework\\src\\Illuminate\\Routing\\Router.php(693): Illuminate\\Routing\\Route->gatherMiddleware()
#15 D:\\xampp\\htdocs\\project.vn\\ColosPlatium\\vendor\\laravel\\framework\\src\\Illuminate\\Routing\\Router.php(673): Illuminate\\Routing\\Router->gatherRouteMiddleware(Object(Illuminate\\Routing\\Route))
#16 D:\\xampp\\htdocs\\project.vn\\ColosPlatium\\vendor\\laravel\\framework\\src\\Illuminate\\Routing\\Router.php(657): Illuminate\\Routing\\Router->runRouteWithinStack(Object(Illuminate\\Routing\\Route), Object(Illuminate\\Http\\Request))
#17 D:\\xampp\\htdocs\\project.vn\\ColosPlatium\\vendor\\laravel\\framework\\src\\Illuminate\\Routing\\Router.php(623): Illuminate\\Routing\\Router->runRoute(Object(Illuminate\\Http\\Request), Object(Illuminate\\Routing\\Route))
#18 D:\\xampp\\htdocs\\project.vn\\ColosPlatium\\vendor\\laravel\\framework\\src\\Illuminate\\Routing\\Router.php(612): Illuminate\\Routing\\Router->dispatchToRoute(Object(Illuminate\\Http\\Request))
#19 D:\\xampp\\htdocs\\project.vn\\ColosPlatium\\vendor\\laravel\\framework\\src\\Illuminate\\Foundation\\Http\\Kernel.php(176): Illuminate\\Routing\\Router->dispatch(Object(Illuminate\\Http\\Request))
#20 D:\\xampp\\htdocs\\project.vn\\ColosPlatium\\vendor\\laravel\\framework\\src\\Illuminate\\Routing\\Pipeline.php(30): Illuminate\\Foundation\\Http\\Kernel->Illuminate\\Foundation\\Http\\{closure}(Object(Illuminate\\Http\\Request))
#21 D:\\xampp\\htdocs\\project.vn\\ColosPlatium\\vendor\\barryvdh\\laravel-debugbar\\src\\Middleware\\InjectDebugbar.php(58): Illuminate\\Routing\\Pipeline->Illuminate\\Routing\\{closure}(Object(Illuminate\\Http\\Request))
#22 D:\\xampp\\htdocs\\project.vn\\ColosPlatium\\vendor\\laravel\\framework\\src\\Illuminate\\Pipeline\\Pipeline.php(163): Barryvdh\\Debugbar\\Middleware\\InjectDebugbar->handle(Object(Illuminate\\Http\\Request), Object(Closure))
#23 D:\\xampp\\htdocs\\project.vn\\ColosPlatium\\vendor\\laravel\\framework\\src\\Illuminate\\Routing\\Pipeline.php(53): Illuminate\\Pipeline\\Pipeline->Illuminate\\Pipeline\\{closure}(Object(Illuminate\\Http\\Request))
#24 D:\\xampp\\htdocs\\project.vn\\ColosPlatium\\vendor\\laravel\\framework\\src\\Illuminate\\Foundation\\Http\\Middleware\\TransformsRequest.php(21): Illuminate\\Routing\\Pipeline->Illuminate\\Routing\\{closure}(Object(Illuminate\\Http\\Request))
#25 D:\\xampp\\htdocs\\project.vn\\ColosPlatium\\vendor\\laravel\\framework\\src\\Illuminate\\Pipeline\\Pipeline.php(163): Illuminate\\Foundation\\Http\\Middleware\\TransformsRequest->handle(Object(Illuminate\\Http\\Request), Object(Closure))
#26 D:\\xampp\\htdocs\\project.vn\\ColosPlatium\\vendor\\laravel\\framework\\src\\Illuminate\\Routing\\Pipeline.php(53): Illuminate\\Pipeline\\Pipeline->Illuminate\\Pipeline\\{closure}(Object(Illuminate\\Http\\Request))
#27 D:\\xampp\\htdocs\\project.vn\\ColosPlatium\\vendor\\laravel\\framework\\src\\Illuminate\\Foundation\\Http\\Middleware\\TransformsRequest.php(21): Illuminate\\Routing\\Pipeline->Illuminate\\Routing\\{closure}(Object(Illuminate\\Http\\Request))
#28 D:\\xampp\\htdocs\\project.vn\\ColosPlatium\\vendor\\laravel\\framework\\src\\Illuminate\\Pipeline\\Pipeline.php(163): Illuminate\\Foundation\\Http\\Middleware\\TransformsRequest->handle(Object(Illuminate\\Http\\Request), Object(Closure))
#29 D:\\xampp\\htdocs\\project.vn\\ColosPlatium\\vendor\\laravel\\framework\\src\\Illuminate\\Routing\\Pipeline.php(53): Illuminate\\Pipeline\\Pipeline->Illuminate\\Pipeline\\{closure}(Object(Illuminate\\Http\\Request))
#30 D:\\xampp\\htdocs\\project.vn\\ColosPlatium\\vendor\\laravel\\framework\\src\\Illuminate\\Foundation\\Http\\Middleware\\ValidatePostSize.php(27): Illuminate\\Routing\\Pipeline->Illuminate\\Routing\\{closure}(Object(Illuminate\\Http\\Request))
#31 D:\\xampp\\htdocs\\project.vn\\ColosPlatium\\vendor\\laravel\\framework\\src\\Illuminate\\Pipeline\\Pipeline.php(163): Illuminate\\Foundation\\Http\\Middleware\\ValidatePostSize->handle(Object(Illuminate\\Http\\Request), Object(Closure))
#32 D:\\xampp\\htdocs\\project.vn\\ColosPlatium\\vendor\\laravel\\framework\\src\\Illuminate\\Routing\\Pipeline.php(53): Illuminate\\Pipeline\\Pipeline->Illuminate\\Pipeline\\{closure}(Object(Illuminate\\Http\\Request))
#33 D:\\xampp\\htdocs\\project.vn\\ColosPlatium\\vendor\\laravel\\framework\\src\\Illuminate\\Foundation\\Http\\Middleware\\CheckForMaintenanceMode.php(62): Illuminate\\Routing\\Pipeline->Illuminate\\Routing\\{closure}(Object(Illuminate\\Http\\Request))
#34 D:\\xampp\\htdocs\\project.vn\\ColosPlatium\\vendor\\laravel\\framework\\src\\Illuminate\\Pipeline\\Pipeline.php(163): Illuminate\\Foundation\\Http\\Middleware\\CheckForMaintenanceMode->handle(Object(Illuminate\\Http\\Request), Object(Closure))
#35 D:\\xampp\\htdocs\\project.vn\\ColosPlatium\\vendor\\laravel\\framework\\src\\Illuminate\\Routing\\Pipeline.php(53): Illuminate\\Pipeline\\Pipeline->Illuminate\\Pipeline\\{closure}(Object(Illuminate\\Http\\Request))
#36 D:\\xampp\\htdocs\\project.vn\\ColosPlatium\\vendor\\fideloper\\proxy\\src\\TrustProxies.php(57): Illuminate\\Routing\\Pipeline->Illuminate\\Routing\\{closure}(Object(Illuminate\\Http\\Request))
#37 D:\\xampp\\htdocs\\project.vn\\ColosPlatium\\vendor\\laravel\\framework\\src\\Illuminate\\Pipeline\\Pipeline.php(163): Fideloper\\Proxy\\TrustProxies->handle(Object(Illuminate\\Http\\Request), Object(Closure))
#38 D:\\xampp\\htdocs\\project.vn\\ColosPlatium\\vendor\\laravel\\framework\\src\\Illuminate\\Routing\\Pipeline.php(53): Illuminate\\Pipeline\\Pipeline->Illuminate\\Pipeline\\{closure}(Object(Illuminate\\Http\\Request))
#39 D:\\xampp\\htdocs\\project.vn\\ColosPlatium\\vendor\\laravel\\framework\\src\\Illuminate\\Pipeline\\Pipeline.php(104): Illuminate\\Routing\\Pipeline->Illuminate\\Routing\\{closure}(Object(Illuminate\\Http\\Request))
#40 D:\\xampp\\htdocs\\project.vn\\ColosPlatium\\vendor\\laravel\\framework\\src\\Illuminate\\Foundation\\Http\\Kernel.php(151): Illuminate\\Pipeline\\Pipeline->then(Object(Closure))
#41 D:\\xampp\\htdocs\\project.vn\\ColosPlatium\\vendor\\laravel\\framework\\src\\Illuminate\\Foundation\\Http\\Kernel.php(116): Illuminate\\Foundation\\Http\\Kernel->sendRequestThroughRouter(Object(Illuminate\\Http\\Request))
#42 D:\\xampp\\htdocs\\project.vn\\ColosPlatium\\public\\index.php(7): Illuminate\\Foundation\\Http\\Kernel->handle(Object(Illuminate\\Http\\Request))
#43 {main}
"} 
[2020-06-23 16:28:09] local.ERROR: include(D:\xampp\htdocs\project.vn\ColosPlatium\vendor\composer/../../app/Modules/Models/Info.php): failed to open stream: No such file or directory {"exception":"[object] (ErrorException(code: 0): include(D:\\xampp\\htdocs\\project.vn\\ColosPlatium\\vendor\\composer/../../app/Modules/Models/Info.php): failed to open stream: No such file or directory at D:\\xampp\\htdocs\\project.vn\\ColosPlatium\\vendor\\composer\\ClassLoader.php:444)
[stacktrace]
#0 D:\\xampp\\htdocs\\project.vn\\ColosPlatium\\vendor\\composer\\ClassLoader.php(444): Illuminate\\Foundation\\Bootstrap\\HandleExceptions->handleError(2, 'include(D:\\\\xamp...', 'D:\\\\xampp\\\\htdocs...', 444, Array)
#1 D:\\xampp\\htdocs\\project.vn\\ColosPlatium\\vendor\\composer\\ClassLoader.php(444): include()
#2 D:\\xampp\\htdocs\\project.vn\\ColosPlatium\\vendor\\composer\\ClassLoader.php(322): Composer\\Autoload\\includeFile('D:\\\\xampp\\\\htdocs...')
#3 [internal function]: Composer\\Autoload\\ClassLoader->loadClass('App\\\\Modules\\\\Mod...')
#4 D:\\xampp\\htdocs\\project.vn\\ColosPlatium\\app\\Modules\\Statics\\Controllers\\BaseStaticsController.php(21): spl_autoload_call('App\\\\Modules\\\\Mod...')
#5 D:\\xampp\\htdocs\\project.vn\\ColosPlatium\\app\\Modules\\Statics\\Controllers\\StaticsController.php(24): App\\Modules\\Statics\\Controllers\\BaseStaticsController->__construct()
#6 [internal function]: App\\Modules\\Statics\\Controllers\\StaticsController->__construct()
#7 D:\\xampp\\htdocs\\project.vn\\ColosPlatium\\vendor\\laravel\\framework\\src\\Illuminate\\Container\\Container.php(825): ReflectionClass->newInstanceArgs(Array)
#8 D:\\xampp\\htdocs\\project.vn\\ColosPlatium\\vendor\\laravel\\framework\\src\\Illuminate\\Container\\Container.php(667): Illuminate\\Container\\Container->build('App\\\\Modules\\\\Sta...')
#9 D:\\xampp\\htdocs\\project.vn\\ColosPlatium\\vendor\\laravel\\framework\\src\\Illuminate\\Container\\Container.php(615): Illuminate\\Container\\Container->resolve('App\\\\Modules\\\\Sta...', Array)
#10 D:\\xampp\\htdocs\\project.vn\\ColosPlatium\\vendor\\laravel\\framework\\src\\Illuminate\\Foundation\\Application.php(767): Illuminate\\Container\\Container->make('App\\\\Modules\\\\Sta...', Array)
#11 D:\\xampp\\htdocs\\project.vn\\ColosPlatium\\vendor\\laravel\\framework\\src\\Illuminate\\Routing\\Route.php(233): Illuminate\\Foundation\\Application->make('App\\\\Modules\\\\Sta...')
#12 D:\\xampp\\htdocs\\project.vn\\ColosPlatium\\vendor\\laravel\\framework\\src\\Illuminate\\Routing\\Route.php(833): Illuminate\\Routing\\Route->getController()
#13 D:\\xampp\\htdocs\\project.vn\\ColosPlatium\\vendor\\laravel\\framework\\src\\Illuminate\\Routing\\Route.php(794): Illuminate\\Routing\\Route->controllerMiddleware()
#14 D:\\xampp\\htdocs\\project.vn\\ColosPlatium\\vendor\\laravel\\framework\\src\\Illuminate\\Routing\\Router.php(693): Illuminate\\Routing\\Route->gatherMiddleware()
#15 D:\\xampp\\htdocs\\project.vn\\ColosPlatium\\vendor\\laravel\\framework\\src\\Illuminate\\Routing\\Router.php(673): Illuminate\\Routing\\Router->gatherRouteMiddleware(Object(Illuminate\\Routing\\Route))
#16 D:\\xampp\\htdocs\\project.vn\\ColosPlatium\\vendor\\laravel\\framework\\src\\Illuminate\\Routing\\Router.php(657): Illuminate\\Routing\\Router->runRouteWithinStack(Object(Illuminate\\Routing\\Route), Object(Illuminate\\Http\\Request))
#17 D:\\xampp\\htdocs\\project.vn\\ColosPlatium\\vendor\\laravel\\framework\\src\\Illuminate\\Routing\\Router.php(623): Illuminate\\Routing\\Router->runRoute(Object(Illuminate\\Http\\Request), Object(Illuminate\\Routing\\Route))
#18 D:\\xampp\\htdocs\\project.vn\\ColosPlatium\\vendor\\laravel\\framework\\src\\Illuminate\\Routing\\Router.php(612): Illuminate\\Routing\\Router->dispatchToRoute(Object(Illuminate\\Http\\Request))
#19 D:\\xampp\\htdocs\\project.vn\\ColosPlatium\\vendor\\laravel\\framework\\src\\Illuminate\\Foundation\\Http\\Kernel.php(176): Illuminate\\Routing\\Router->dispatch(Object(Illuminate\\Http\\Request))
#20 D:\\xampp\\htdocs\\project.vn\\ColosPlatium\\vendor\\laravel\\framework\\src\\Illuminate\\Routing\\Pipeline.php(30): Illuminate\\Foundation\\Http\\Kernel->Illuminate\\Foundation\\Http\\{closure}(Object(Illuminate\\Http\\Request))
#21 D:\\xampp\\htdocs\\project.vn\\ColosPlatium\\vendor\\barryvdh\\laravel-debugbar\\src\\Middleware\\InjectDebugbar.php(58): Illuminate\\Routing\\Pipeline->Illuminate\\Routing\\{closure}(Object(Illuminate\\Http\\Request))
#22 D:\\xampp\\htdocs\\project.vn\\ColosPlatium\\vendor\\laravel\\framework\\src\\Illuminate\\Pipeline\\Pipeline.php(163): Barryvdh\\Debugbar\\Middleware\\InjectDebugbar->handle(Object(Illuminate\\Http\\Request), Object(Closure))
#23 D:\\xampp\\htdocs\\project.vn\\ColosPlatium\\vendor\\laravel\\framework\\src\\Illuminate\\Routing\\Pipeline.php(53): Illuminate\\Pipeline\\Pipeline->Illuminate\\Pipeline\\{closure}(Object(Illuminate\\Http\\Request))
#24 D:\\xampp\\htdocs\\project.vn\\ColosPlatium\\vendor\\laravel\\framework\\src\\Illuminate\\Foundation\\Http\\Middleware\\TransformsRequest.php(21): Illuminate\\Routing\\Pipeline->Illuminate\\Routing\\{closure}(Object(Illuminate\\Http\\Request))
#25 D:\\xampp\\htdocs\\project.vn\\ColosPlatium\\vendor\\laravel\\framework\\src\\Illuminate\\Pipeline\\Pipeline.php(163): Illuminate\\Foundation\\Http\\Middleware\\TransformsRequest->handle(Object(Illuminate\\Http\\Request), Object(Closure))
#26 D:\\xampp\\htdocs\\project.vn\\ColosPlatium\\vendor\\laravel\\framework\\src\\Illuminate\\Routing\\Pipeline.php(53): Illuminate\\Pipeline\\Pipeline->Illuminate\\Pipeline\\{closure}(Object(Illuminate\\Http\\Request))
#27 D:\\xampp\\htdocs\\project.vn\\ColosPlatium\\vendor\\laravel\\framework\\src\\Illuminate\\Foundation\\Http\\Middleware\\TransformsRequest.php(21): Illuminate\\Routing\\Pipeline->Illuminate\\Routing\\{closure}(Object(Illuminate\\Http\\Request))
#28 D:\\xampp\\htdocs\\project.vn\\ColosPlatium\\vendor\\laravel\\framework\\src\\Illuminate\\Pipeline\\Pipeline.php(163): Illuminate\\Foundation\\Http\\Middleware\\TransformsRequest->handle(Object(Illuminate\\Http\\Request), Object(Closure))
#29 D:\\xampp\\htdocs\\project.vn\\ColosPlatium\\vendor\\laravel\\framework\\src\\Illuminate\\Routing\\Pipeline.php(53): Illuminate\\Pipeline\\Pipeline->Illuminate\\Pipeline\\{closure}(Object(Illuminate\\Http\\Request))
#30 D:\\xampp\\htdocs\\project.vn\\ColosPlatium\\vendor\\laravel\\framework\\src\\Illuminate\\Foundation\\Http\\Middleware\\ValidatePostSize.php(27): Illuminate\\Routing\\Pipeline->Illuminate\\Routing\\{closure}(Object(Illuminate\\Http\\Request))
#31 D:\\xampp\\htdocs\\project.vn\\ColosPlatium\\vendor\\laravel\\framework\\src\\Illuminate\\Pipeline\\Pipeline.php(163): Illuminate\\Foundation\\Http\\Middleware\\ValidatePostSize->handle(Object(Illuminate\\Http\\Request), Object(Closure))
#32 D:\\xampp\\htdocs\\project.vn\\ColosPlatium\\vendor\\laravel\\framework\\src\\Illuminate\\Routing\\Pipeline.php(53): Illuminate\\Pipeline\\Pipeline->Illuminate\\Pipeline\\{closure}(Object(Illuminate\\Http\\Request))
#33 D:\\xampp\\htdocs\\project.vn\\ColosPlatium\\vendor\\laravel\\framework\\src\\Illuminate\\Foundation\\Http\\Middleware\\CheckForMaintenanceMode.php(62): Illuminate\\Routing\\Pipeline->Illuminate\\Routing\\{closure}(Object(Illuminate\\Http\\Request))
#34 D:\\xampp\\htdocs\\project.vn\\ColosPlatium\\vendor\\laravel\\framework\\src\\Illuminate\\Pipeline\\Pipeline.php(163): Illuminate\\Foundation\\Http\\Middleware\\CheckForMaintenanceMode->handle(Object(Illuminate\\Http\\Request), Object(Closure))
#35 D:\\xampp\\htdocs\\project.vn\\ColosPlatium\\vendor\\laravel\\framework\\src\\Illuminate\\Routing\\Pipeline.php(53): Illuminate\\Pipeline\\Pipeline->Illuminate\\Pipeline\\{closure}(Object(Illuminate\\Http\\Request))
#36 D:\\xampp\\htdocs\\project.vn\\ColosPlatium\\vendor\\fideloper\\proxy\\src\\TrustProxies.php(57): Illuminate\\Routing\\Pipeline->Illuminate\\Routing\\{closure}(Object(Illuminate\\Http\\Request))
#37 D:\\xampp\\htdocs\\project.vn\\ColosPlatium\\vendor\\laravel\\framework\\src\\Illuminate\\Pipeline\\Pipeline.php(163): Fideloper\\Proxy\\TrustProxies->handle(Object(Illuminate\\Http\\Request), Object(Closure))
#38 D:\\xampp\\htdocs\\project.vn\\ColosPlatium\\vendor\\laravel\\framework\\src\\Illuminate\\Routing\\Pipeline.php(53): Illuminate\\Pipeline\\Pipeline->Illuminate\\Pipeline\\{closure}(Object(Illuminate\\Http\\Request))
#39 D:\\xampp\\htdocs\\project.vn\\ColosPlatium\\vendor\\laravel\\framework\\src\\Illuminate\\Pipeline\\Pipeline.php(104): Illuminate\\Routing\\Pipeline->Illuminate\\Routing\\{closure}(Object(Illuminate\\Http\\Request))
#40 D:\\xampp\\htdocs\\project.vn\\ColosPlatium\\vendor\\laravel\\framework\\src\\Illuminate\\Foundation\\Http\\Kernel.php(151): Illuminate\\Pipeline\\Pipeline->then(Object(Closure))
#41 D:\\xampp\\htdocs\\project.vn\\ColosPlatium\\vendor\\laravel\\framework\\src\\Illuminate\\Foundation\\Http\\Kernel.php(116): Illuminate\\Foundation\\Http\\Kernel->sendRequestThroughRouter(Object(Illuminate\\Http\\Request))
#42 D:\\xampp\\htdocs\\project.vn\\ColosPlatium\\public\\index.php(7): Illuminate\\Foundation\\Http\\Kernel->handle(Object(Illuminate\\Http\\Request))
#43 {main}
"} 
[2020-06-23 16:28:11] local.ERROR: include(D:\xampp\htdocs\project.vn\ColosPlatium\vendor\composer/../../app/Modules/Models/Info.php): failed to open stream: No such file or directory {"exception":"[object] (ErrorException(code: 0): include(D:\\xampp\\htdocs\\project.vn\\ColosPlatium\\vendor\\composer/../../app/Modules/Models/Info.php): failed to open stream: No such file or directory at D:\\xampp\\htdocs\\project.vn\\ColosPlatium\\vendor\\composer\\ClassLoader.php:444)
[stacktrace]
#0 D:\\xampp\\htdocs\\project.vn\\ColosPlatium\\vendor\\composer\\ClassLoader.php(444): Illuminate\\Foundation\\Bootstrap\\HandleExceptions->handleError(2, 'include(D:\\\\xamp...', 'D:\\\\xampp\\\\htdocs...', 444, Array)
#1 D:\\xampp\\htdocs\\project.vn\\ColosPlatium\\vendor\\composer\\ClassLoader.php(444): include()
#2 D:\\xampp\\htdocs\\project.vn\\ColosPlatium\\vendor\\composer\\ClassLoader.php(322): Composer\\Autoload\\includeFile('D:\\\\xampp\\\\htdocs...')
#3 [internal function]: Composer\\Autoload\\ClassLoader->loadClass('App\\\\Modules\\\\Mod...')
#4 D:\\xampp\\htdocs\\project.vn\\ColosPlatium\\app\\Modules\\Statics\\Controllers\\BaseStaticsController.php(21): spl_autoload_call('App\\\\Modules\\\\Mod...')
#5 D:\\xampp\\htdocs\\project.vn\\ColosPlatium\\app\\Modules\\Statics\\Controllers\\StaticsController.php(24): App\\Modules\\Statics\\Controllers\\BaseStaticsController->__construct()
#6 [internal function]: App\\Modules\\Statics\\Controllers\\StaticsController->__construct()
#7 D:\\xampp\\htdocs\\project.vn\\ColosPlatium\\vendor\\laravel\\framework\\src\\Illuminate\\Container\\Container.php(825): ReflectionClass->newInstanceArgs(Array)
#8 D:\\xampp\\htdocs\\project.vn\\ColosPlatium\\vendor\\laravel\\framework\\src\\Illuminate\\Container\\Container.php(667): Illuminate\\Container\\Container->build('App\\\\Modules\\\\Sta...')
#9 D:\\xampp\\htdocs\\project.vn\\ColosPlatium\\vendor\\laravel\\framework\\src\\Illuminate\\Container\\Container.php(615): Illuminate\\Container\\Container->resolve('App\\\\Modules\\\\Sta...', Array)
#10 D:\\xampp\\htdocs\\project.vn\\ColosPlatium\\vendor\\laravel\\framework\\src\\Illuminate\\Foundation\\Application.php(767): Illuminate\\Container\\Container->make('App\\\\Modules\\\\Sta...', Array)
#11 D:\\xampp\\htdocs\\project.vn\\ColosPlatium\\vendor\\laravel\\framework\\src\\Illuminate\\Routing\\Route.php(233): Illuminate\\Foundation\\Application->make('App\\\\Modules\\\\Sta...')
#12 D:\\xampp\\htdocs\\project.vn\\ColosPlatium\\vendor\\laravel\\framework\\src\\Illuminate\\Routing\\Route.php(833): Illuminate\\Routing\\Route->getController()
#13 D:\\xampp\\htdocs\\project.vn\\ColosPlatium\\vendor\\laravel\\framework\\src\\Illuminate\\Routing\\Route.php(794): Illuminate\\Routing\\Route->controllerMiddleware()
#14 D:\\xampp\\htdocs\\project.vn\\ColosPlatium\\vendor\\laravel\\framework\\src\\Illuminate\\Routing\\Router.php(693): Illuminate\\Routing\\Route->gatherMiddleware()
#15 D:\\xampp\\htdocs\\project.vn\\ColosPlatium\\vendor\\laravel\\framework\\src\\Illuminate\\Routing\\Router.php(673): Illuminate\\Routing\\Router->gatherRouteMiddleware(Object(Illuminate\\Routing\\Route))
#16 D:\\xampp\\htdocs\\project.vn\\ColosPlatium\\vendor\\laravel\\framework\\src\\Illuminate\\Routing\\Router.php(657): Illuminate\\Routing\\Router->runRouteWithinStack(Object(Illuminate\\Routing\\Route), Object(Illuminate\\Http\\Request))
#17 D:\\xampp\\htdocs\\project.vn\\ColosPlatium\\vendor\\laravel\\framework\\src\\Illuminate\\Routing\\Router.php(623): Illuminate\\Routing\\Router->runRoute(Object(Illuminate\\Http\\Request), Object(Illuminate\\Routing\\Route))
#18 D:\\xampp\\htdocs\\project.vn\\ColosPlatium\\vendor\\laravel\\framework\\src\\Illuminate\\Routing\\Router.php(612): Illuminate\\Routing\\Router->dispatchToRoute(Object(Illuminate\\Http\\Request))
#19 D:\\xampp\\htdocs\\project.vn\\ColosPlatium\\vendor\\laravel\\framework\\src\\Illuminate\\Foundation\\Http\\Kernel.php(176): Illuminate\\Routing\\Router->dispatch(Object(Illuminate\\Http\\Request))
#20 D:\\xampp\\htdocs\\project.vn\\ColosPlatium\\vendor\\laravel\\framework\\src\\Illuminate\\Routing\\Pipeline.php(30): Illuminate\\Foundation\\Http\\Kernel->Illuminate\\Foundation\\Http\\{closure}(Object(Illuminate\\Http\\Request))
#21 D:\\xampp\\htdocs\\project.vn\\ColosPlatium\\vendor\\barryvdh\\laravel-debugbar\\src\\Middleware\\InjectDebugbar.php(58): Illuminate\\Routing\\Pipeline->Illuminate\\Routing\\{closure}(Object(Illuminate\\Http\\Request))
#22 D:\\xampp\\htdocs\\project.vn\\ColosPlatium\\vendor\\laravel\\framework\\src\\Illuminate\\Pipeline\\Pipeline.php(163): Barryvdh\\Debugbar\\Middleware\\InjectDebugbar->handle(Object(Illuminate\\Http\\Request), Object(Closure))
#23 D:\\xampp\\htdocs\\project.vn\\ColosPlatium\\vendor\\laravel\\framework\\src\\Illuminate\\Routing\\Pipeline.php(53): Illuminate\\Pipeline\\Pipeline->Illuminate\\Pipeline\\{closure}(Object(Illuminate\\Http\\Request))
#24 D:\\xampp\\htdocs\\project.vn\\ColosPlatium\\vendor\\laravel\\framework\\src\\Illuminate\\Foundation\\Http\\Middleware\\TransformsRequest.php(21): Illuminate\\Routing\\Pipeline->Illuminate\\Routing\\{closure}(Object(Illuminate\\Http\\Request))
#25 D:\\xampp\\htdocs\\project.vn\\ColosPlatium\\vendor\\laravel\\framework\\src\\Illuminate\\Pipeline\\Pipeline.php(163): Illuminate\\Foundation\\Http\\Middleware\\TransformsRequest->handle(Object(Illuminate\\Http\\Request), Object(Closure))
#26 D:\\xampp\\htdocs\\project.vn\\ColosPlatium\\vendor\\laravel\\framework\\src\\Illuminate\\Routing\\Pipeline.php(53): Illuminate\\Pipeline\\Pipeline->Illuminate\\Pipeline\\{closure}(Object(Illuminate\\Http\\Request))
#27 D:\\xampp\\htdocs\\project.vn\\ColosPlatium\\vendor\\laravel\\framework\\src\\Illuminate\\Foundation\\Http\\Middleware\\TransformsRequest.php(21): Illuminate\\Routing\\Pipeline->Illuminate\\Routing\\{closure}(Object(Illuminate\\Http\\Request))
#28 D:\\xampp\\htdocs\\project.vn\\ColosPlatium\\vendor\\laravel\\framework\\src\\Illuminate\\Pipeline\\Pipeline.php(163): Illuminate\\Foundation\\Http\\Middleware\\TransformsRequest->handle(Object(Illuminate\\Http\\Request), Object(Closure))
#29 D:\\xampp\\htdocs\\project.vn\\ColosPlatium\\vendor\\laravel\\framework\\src\\Illuminate\\Routing\\Pipeline.php(53): Illuminate\\Pipeline\\Pipeline->Illuminate\\Pipeline\\{closure}(Object(Illuminate\\Http\\Request))
#30 D:\\xampp\\htdocs\\project.vn\\ColosPlatium\\vendor\\laravel\\framework\\src\\Illuminate\\Foundation\\Http\\Middleware\\ValidatePostSize.php(27): Illuminate\\Routing\\Pipeline->Illuminate\\Routing\\{closure}(Object(Illuminate\\Http\\Request))
#31 D:\\xampp\\htdocs\\project.vn\\ColosPlatium\\vendor\\laravel\\framework\\src\\Illuminate\\Pipeline\\Pipeline.php(163): Illuminate\\Foundation\\Http\\Middleware\\ValidatePostSize->handle(Object(Illuminate\\Http\\Request), Object(Closure))
#32 D:\\xampp\\htdocs\\project.vn\\ColosPlatium\\vendor\\laravel\\framework\\src\\Illuminate\\Routing\\Pipeline.php(53): Illuminate\\Pipeline\\Pipeline->Illuminate\\Pipeline\\{closure}(Object(Illuminate\\Http\\Request))
#33 D:\\xampp\\htdocs\\project.vn\\ColosPlatium\\vendor\\laravel\\framework\\src\\Illuminate\\Foundation\\Http\\Middleware\\CheckForMaintenanceMode.php(62): Illuminate\\Routing\\Pipeline->Illuminate\\Routing\\{closure}(Object(Illuminate\\Http\\Request))
#34 D:\\xampp\\htdocs\\project.vn\\ColosPlatium\\vendor\\laravel\\framework\\src\\Illuminate\\Pipeline\\Pipeline.php(163): Illuminate\\Foundation\\Http\\Middleware\\CheckForMaintenanceMode->handle(Object(Illuminate\\Http\\Request), Object(Closure))
#35 D:\\xampp\\htdocs\\project.vn\\ColosPlatium\\vendor\\laravel\\framework\\src\\Illuminate\\Routing\\Pipeline.php(53): Illuminate\\Pipeline\\Pipeline->Illuminate\\Pipeline\\{closure}(Object(Illuminate\\Http\\Request))
#36 D:\\xampp\\htdocs\\project.vn\\ColosPlatium\\vendor\\fideloper\\proxy\\src\\TrustProxies.php(57): Illuminate\\Routing\\Pipeline->Illuminate\\Routing\\{closure}(Object(Illuminate\\Http\\Request))
#37 D:\\xampp\\htdocs\\project.vn\\ColosPlatium\\vendor\\laravel\\framework\\src\\Illuminate\\Pipeline\\Pipeline.php(163): Fideloper\\Proxy\\TrustProxies->handle(Object(Illuminate\\Http\\Request), Object(Closure))
#38 D:\\xampp\\htdocs\\project.vn\\ColosPlatium\\vendor\\laravel\\framework\\src\\Illuminate\\Routing\\Pipeline.php(53): Illuminate\\Pipeline\\Pipeline->Illuminate\\Pipeline\\{closure}(Object(Illuminate\\Http\\Request))
#39 D:\\xampp\\htdocs\\project.vn\\ColosPlatium\\vendor\\laravel\\framework\\src\\Illuminate\\Pipeline\\Pipeline.php(104): Illuminate\\Routing\\Pipeline->Illuminate\\Routing\\{closure}(Object(Illuminate\\Http\\Request))
#40 D:\\xampp\\htdocs\\project.vn\\ColosPlatium\\vendor\\laravel\\framework\\src\\Illuminate\\Foundation\\Http\\Kernel.php(151): Illuminate\\Pipeline\\Pipeline->then(Object(Closure))
#41 D:\\xampp\\htdocs\\project.vn\\ColosPlatium\\vendor\\laravel\\framework\\src\\Illuminate\\Foundation\\Http\\Kernel.php(116): Illuminate\\Foundation\\Http\\Kernel->sendRequestThroughRouter(Object(Illuminate\\Http\\Request))
#42 D:\\xampp\\htdocs\\project.vn\\ColosPlatium\\public\\index.php(7): Illuminate\\Foundation\\Http\\Kernel->handle(Object(Illuminate\\Http\\Request))
#43 {main}
"} 
